Determining if the pthread_create exist failed with the following output:
Change Dir: /root/catkin_ws/build/CMakeFiles/CMakeTmp

Run Build Command:"/usr/bin/make" "cmTC_ecea9/fast"
/usr/bin/make -f CMakeFiles/cmTC_ecea9.dir/build.make CMakeFiles/cmTC_ecea9.dir/build
make[1]: Entering directory '/root/catkin_ws/build/CMakeFiles/CMakeTmp'
Building C object CMakeFiles/cmTC_ecea9.dir/CheckSymbolExists.c.o
/usr/bin/cc     -o CMakeFiles/cmTC_ecea9.dir/CheckSymbolExists.c.o   -c /root/catkin_ws/build/CMakeFiles/CMakeTmp/CheckSymbolExists.c
Linking C executable cmTC_ecea9
/usr/bin/cmake -E cmake_link_script CMakeFiles/cmTC_ecea9.dir/link.txt --verbose=1
/usr/bin/cc       CMakeFiles/cmTC_ecea9.dir/CheckSymbolExists.c.o  -o cmTC_ecea9 -rdynamic 
CMakeFiles/cmTC_ecea9.dir/CheckSymbolExists.c.o: In function `main':
CheckSymbolExists.c:(.text+0x16): undefined reference to `pthread_create'
collect2: error: ld returned 1 exit status
CMakeFiles/cmTC_ecea9.dir/build.make:97: recipe for target 'cmTC_ecea9' failed
make[1]: *** [cmTC_ecea9] Error 1
make[1]: Leaving directory '/root/catkin_ws/build/CMakeFiles/CMakeTmp'
Makefile:126: recipe for target 'cmTC_ecea9/fast' failed
make: *** [cmTC_ecea9/fast] Error 2

File /root/catkin_ws/build/CMakeFiles/CMakeTmp/CheckSymbolExists.c:
/* */
#include <pthread.h>

int main(int argc, char** argv)
{
  (void)argv;
#ifndef pthread_create
  return ((int*)(&pthread_create))[argc];
#else
  (void)argc;
  return 0;
#endif
}

Determining if the function pthread_create exists in the pthreads failed with the following output:
Change Dir: /root/catkin_ws/build/CMakeFiles/CMakeTmp

Run Build Command:"/usr/bin/make" "cmTC_9d688/fast"
/usr/bin/make -f CMakeFiles/cmTC_9d688.dir/build.make CMakeFiles/cmTC_9d688.dir/build
make[1]: Entering directory '/root/catkin_ws/build/CMakeFiles/CMakeTmp'
Building C object CMakeFiles/cmTC_9d688.dir/CheckFunctionExists.c.o
/usr/bin/cc    -DCHECK_FUNCTION_EXISTS=pthread_create   -o CMakeFiles/cmTC_9d688.dir/CheckFunctionExists.c.o   -c /usr/share/cmake-3.5/Modules/CheckFunctionExists.c
Linking C executable cmTC_9d688
/usr/bin/cmake -E cmake_link_script CMakeFiles/cmTC_9d688.dir/link.txt --verbose=1
/usr/bin/cc   -DCHECK_FUNCTION_EXISTS=pthread_create    CMakeFiles/cmTC_9d688.dir/CheckFunctionExists.c.o  -o cmTC_9d688 -rdynamic -lpthreads 
/usr/bin/ld: cannot find -lpthreads
collect2: error: ld returned 1 exit status
CMakeFiles/cmTC_9d688.dir/build.make:97: recipe for target 'cmTC_9d688' failed
make[1]: *** [cmTC_9d688] Error 1
make[1]: Leaving directory '/root/catkin_ws/build/CMakeFiles/CMakeTmp'
Makefile:126: recipe for target 'cmTC_9d688/fast' failed
make: *** [cmTC_9d688/fast] Error 2


Determining if the CL_VERSION_2_0 exist failed with the following output:
Change Dir: /root/catkin_ws/build/CMakeFiles/CMakeTmp

Run Build Command:"/usr/bin/make" "cmTC_6362d/fast"
/usr/bin/make -f CMakeFiles/cmTC_6362d.dir/build.make CMakeFiles/cmTC_6362d.dir/build
make[1]: Entering directory '/root/catkin_ws/build/CMakeFiles/CMakeTmp'
Building C object CMakeFiles/cmTC_6362d.dir/CheckSymbolExists.c.o
/usr/bin/cc     -o CMakeFiles/cmTC_6362d.dir/CheckSymbolExists.c.o   -c /root/catkin_ws/build/CMakeFiles/CMakeTmp/CheckSymbolExists.c
/root/catkin_ws/build/CMakeFiles/CMakeTmp/CheckSymbolExists.c:2:47: fatal error: OpenCL_INCLUDE_DIR-NOTFOUND/CL/cl.h: No such file or directory
compilation terminated.
CMakeFiles/cmTC_6362d.dir/build.make:65: recipe for target 'CMakeFiles/cmTC_6362d.dir/CheckSymbolExists.c.o' failed
make[1]: *** [CMakeFiles/cmTC_6362d.dir/CheckSymbolExists.c.o] Error 1
make[1]: Leaving directory '/root/catkin_ws/build/CMakeFiles/CMakeTmp'
Makefile:126: recipe for target 'cmTC_6362d/fast' failed
make: *** [cmTC_6362d/fast] Error 2

File /root/catkin_ws/build/CMakeFiles/CMakeTmp/CheckSymbolExists.c:
/* */
#include <OpenCL_INCLUDE_DIR-NOTFOUND/CL/cl.h>

int main(int argc, char** argv)
{
  (void)argv;
#ifndef CL_VERSION_2_0
  return ((int*)(&CL_VERSION_2_0))[argc];
#else
  (void)argc;
  return 0;
#endif
}

Determining if the CL_VERSION_1_2 exist failed with the following output:
Change Dir: /root/catkin_ws/build/CMakeFiles/CMakeTmp

Run Build Command:"/usr/bin/make" "cmTC_89310/fast"
/usr/bin/make -f CMakeFiles/cmTC_89310.dir/build.make CMakeFiles/cmTC_89310.dir/build
make[1]: Entering directory '/root/catkin_ws/build/CMakeFiles/CMakeTmp'
Building C object CMakeFiles/cmTC_89310.dir/CheckSymbolExists.c.o
/usr/bin/cc     -o CMakeFiles/cmTC_89310.dir/CheckSymbolExists.c.o   -c /root/catkin_ws/build/CMakeFiles/CMakeTmp/CheckSymbolExists.c
/root/catkin_ws/build/CMakeFiles/CMakeTmp/CheckSymbolExists.c:2:47: fatal error: OpenCL_INCLUDE_DIR-NOTFOUND/CL/cl.h: No such file or directory
compilation terminated.
CMakeFiles/cmTC_89310.dir/build.make:65: recipe for target 'CMakeFiles/cmTC_89310.dir/CheckSymbolExists.c.o' failed
make[1]: *** [CMakeFiles/cmTC_89310.dir/CheckSymbolExists.c.o] Error 1
make[1]: Leaving directory '/root/catkin_ws/build/CMakeFiles/CMakeTmp'
Makefile:126: recipe for target 'cmTC_89310/fast' failed
make: *** [cmTC_89310/fast] Error 2

File /root/catkin_ws/build/CMakeFiles/CMakeTmp/CheckSymbolExists.c:
/* */
#include <OpenCL_INCLUDE_DIR-NOTFOUND/CL/cl.h>

int main(int argc, char** argv)
{
  (void)argv;
#ifndef CL_VERSION_1_2
  return ((int*)(&CL_VERSION_1_2))[argc];
#else
  (void)argc;
  return 0;
#endif
}

Determining if the CL_VERSION_1_1 exist failed with the following output:
Change Dir: /root/catkin_ws/build/CMakeFiles/CMakeTmp

Run Build Command:"/usr/bin/make" "cmTC_5f90e/fast"
/usr/bin/make -f CMakeFiles/cmTC_5f90e.dir/build.make CMakeFiles/cmTC_5f90e.dir/build
make[1]: Entering directory '/root/catkin_ws/build/CMakeFiles/CMakeTmp'
Building C object CMakeFiles/cmTC_5f90e.dir/CheckSymbolExists.c.o
/usr/bin/cc     -o CMakeFiles/cmTC_5f90e.dir/CheckSymbolExists.c.o   -c /root/catkin_ws/build/CMakeFiles/CMakeTmp/CheckSymbolExists.c
/root/catkin_ws/build/CMakeFiles/CMakeTmp/CheckSymbolExists.c:2:47: fatal error: OpenCL_INCLUDE_DIR-NOTFOUND/CL/cl.h: No such file or directory
compilation terminated.
CMakeFiles/cmTC_5f90e.dir/build.make:65: recipe for target 'CMakeFiles/cmTC_5f90e.dir/CheckSymbolExists.c.o' failed
make[1]: *** [CMakeFiles/cmTC_5f90e.dir/CheckSymbolExists.c.o] Error 1
make[1]: Leaving directory '/root/catkin_ws/build/CMakeFiles/CMakeTmp'
Makefile:126: recipe for target 'cmTC_5f90e/fast' failed
make: *** [cmTC_5f90e/fast] Error 2

File /root/catkin_ws/build/CMakeFiles/CMakeTmp/CheckSymbolExists.c:
/* */
#include <OpenCL_INCLUDE_DIR-NOTFOUND/CL/cl.h>

int main(int argc, char** argv)
{
  (void)argv;
#ifndef CL_VERSION_1_1
  return ((int*)(&CL_VERSION_1_1))[argc];
#else
  (void)argc;
  return 0;
#endif
}

Determining if the CL_VERSION_1_0 exist failed with the following output:
Change Dir: /root/catkin_ws/build/CMakeFiles/CMakeTmp

Run Build Command:"/usr/bin/make" "cmTC_7af5f/fast"
/usr/bin/make -f CMakeFiles/cmTC_7af5f.dir/build.make CMakeFiles/cmTC_7af5f.dir/build
make[1]: Entering directory '/root/catkin_ws/build/CMakeFiles/CMakeTmp'
Building C object CMakeFiles/cmTC_7af5f.dir/CheckSymbolExists.c.o
/usr/bin/cc     -o CMakeFiles/cmTC_7af5f.dir/CheckSymbolExists.c.o   -c /root/catkin_ws/build/CMakeFiles/CMakeTmp/CheckSymbolExists.c
/root/catkin_ws/build/CMakeFiles/CMakeTmp/CheckSymbolExists.c:2:47: fatal error: OpenCL_INCLUDE_DIR-NOTFOUND/CL/cl.h: No such file or directory
compilation terminated.
CMakeFiles/cmTC_7af5f.dir/build.make:65: recipe for target 'CMakeFiles/cmTC_7af5f.dir/CheckSymbolExists.c.o' failed
make[1]: *** [CMakeFiles/cmTC_7af5f.dir/CheckSymbolExists.c.o] Error 1
make[1]: Leaving directory '/root/catkin_ws/build/CMakeFiles/CMakeTmp'
Makefile:126: recipe for target 'cmTC_7af5f/fast' failed
make: *** [cmTC_7af5f/fast] Error 2

File /root/catkin_ws/build/CMakeFiles/CMakeTmp/CheckSymbolExists.c:
/* */
#include <OpenCL_INCLUDE_DIR-NOTFOUND/CL/cl.h>

int main(int argc, char** argv)
{
  (void)argv;
#ifndef CL_VERSION_1_0
  return ((int*)(&CL_VERSION_1_0))[argc];
#else
  (void)argc;
  return 0;
#endif
}

